0 info it worked if it ends with ok
1 verbose cli [ '/usr/bin/node', '/usr/bin/npm', 'publish' ]
2 info using npm@1.3.8
3 info using node@v0.10.18
4 verbose node symlink /usr/bin/node
5 verbose publish [ '.' ]
6 verbose cache add [ '.', null ]
7 verbose cache add name=undefined spec="." args=[".",null]
8 verbose parsed url { protocol: null,
8 verbose parsed url   slashes: null,
8 verbose parsed url   auth: null,
8 verbose parsed url   host: null,
8 verbose parsed url   port: null,
8 verbose parsed url   hostname: null,
8 verbose parsed url   hash: null,
8 verbose parsed url   search: null,
8 verbose parsed url   query: null,
8 verbose parsed url   pathname: '.',
8 verbose parsed url   path: '.',
8 verbose parsed url   href: '.' }
9 silly lockFile 3a52ce78- .
10 verbose lock . /root/.npm/3a52ce78-.lock
11 verbose tar pack [ '/root/tmp/npm-17950-GmhR37Yg/1378943331510-0.443123685894534/tmp.tgz',
11 verbose tar pack   '.' ]
12 verbose tarball /root/tmp/npm-17950-GmhR37Yg/1378943331510-0.443123685894534/tmp.tgz
13 verbose folder .
14 silly lockFile 1f1177db-tar tar://.
15 verbose lock tar://. /root/.npm/1f1177db-tar.lock
16 silly lockFile eb08f74e-331510-0-443123685894534-tmp-tgz tar:///root/tmp/npm-17950-GmhR37Yg/1378943331510-0.443123685894534/tmp.tgz
17 verbose lock tar:///root/tmp/npm-17950-GmhR37Yg/1378943331510-0.443123685894534/tmp.tgz /root/.npm/eb08f74e-331510-0-443123685894534-tmp-tgz.lock
18 silly lockFile 1f1177db-tar tar://.
19 silly lockFile 1f1177db-tar tar://.
20 silly lockFile eb08f74e-331510-0-443123685894534-tmp-tgz tar:///root/tmp/npm-17950-GmhR37Yg/1378943331510-0.443123685894534/tmp.tgz
21 silly lockFile eb08f74e-331510-0-443123685894534-tmp-tgz tar:///root/tmp/npm-17950-GmhR37Yg/1378943331510-0.443123685894534/tmp.tgz
22 verbose tar unpack /root/tmp/npm-17950-GmhR37Yg/1378943331510-0.443123685894534/tmp.tgz
23 silly lockFile 6847033b-331510-0-443123685894534-package tar:///root/tmp/npm-17950-GmhR37Yg/1378943331510-0.443123685894534/package
24 verbose lock tar:///root/tmp/npm-17950-GmhR37Yg/1378943331510-0.443123685894534/package /root/.npm/6847033b-331510-0-443123685894534-package.lock
25 silly lockFile eb08f74e-331510-0-443123685894534-tmp-tgz tar:///root/tmp/npm-17950-GmhR37Yg/1378943331510-0.443123685894534/tmp.tgz
26 verbose lock tar:///root/tmp/npm-17950-GmhR37Yg/1378943331510-0.443123685894534/tmp.tgz /root/.npm/eb08f74e-331510-0-443123685894534-tmp-tgz.lock
27 silly gunzTarPerm modes [ '755', '644' ]
28 silly gunzTarPerm extractEntry package.json
29 silly gunzTarPerm extractEntry README.md
30 silly gunzTarPerm extractEntry lib/index.js
31 silly gunzTarPerm modified mode [ 'lib/index.js', 416, 420 ]
32 silly gunzTarPerm extractEntry test/example.js
33 silly gunzTarPerm modified mode [ 'test/example.js', 416, 420 ]
34 silly lockFile 6847033b-331510-0-443123685894534-package tar:///root/tmp/npm-17950-GmhR37Yg/1378943331510-0.443123685894534/package
35 silly lockFile 6847033b-331510-0-443123685894534-package tar:///root/tmp/npm-17950-GmhR37Yg/1378943331510-0.443123685894534/package
36 silly lockFile eb08f74e-331510-0-443123685894534-tmp-tgz tar:///root/tmp/npm-17950-GmhR37Yg/1378943331510-0.443123685894534/tmp.tgz
37 silly lockFile eb08f74e-331510-0-443123685894534-tmp-tgz tar:///root/tmp/npm-17950-GmhR37Yg/1378943331510-0.443123685894534/tmp.tgz
38 verbose tar pack [ '/root/.npm/node-opt/1.0.0/package.tgz',
38 verbose tar pack   '/root/tmp/npm-17950-GmhR37Yg/1378943331510-0.443123685894534/package' ]
39 verbose tarball /root/.npm/node-opt/1.0.0/package.tgz
40 verbose folder /root/tmp/npm-17950-GmhR37Yg/1378943331510-0.443123685894534/package
41 silly lockFile 6847033b-331510-0-443123685894534-package tar:///root/tmp/npm-17950-GmhR37Yg/1378943331510-0.443123685894534/package
42 verbose lock tar:///root/tmp/npm-17950-GmhR37Yg/1378943331510-0.443123685894534/package /root/.npm/6847033b-331510-0-443123685894534-package.lock
43 silly lockFile 80209af6-t-npm-node-opt-1-0-0-package-tgz tar:///root/.npm/node-opt/1.0.0/package.tgz
44 verbose lock tar:///root/.npm/node-opt/1.0.0/package.tgz /root/.npm/80209af6-t-npm-node-opt-1-0-0-package-tgz.lock
45 silly lockFile 6847033b-331510-0-443123685894534-package tar:///root/tmp/npm-17950-GmhR37Yg/1378943331510-0.443123685894534/package
46 silly lockFile 6847033b-331510-0-443123685894534-package tar:///root/tmp/npm-17950-GmhR37Yg/1378943331510-0.443123685894534/package
47 silly lockFile 80209af6-t-npm-node-opt-1-0-0-package-tgz tar:///root/.npm/node-opt/1.0.0/package.tgz
48 silly lockFile 80209af6-t-npm-node-opt-1-0-0-package-tgz tar:///root/.npm/node-opt/1.0.0/package.tgz
49 silly lockFile 1ab442dd-root-npm-node-opt-1-0-0-package /root/.npm/node-opt/1.0.0/package
50 verbose lock /root/.npm/node-opt/1.0.0/package /root/.npm/1ab442dd-root-npm-node-opt-1-0-0-package.lock
51 silly lockFile 1ab442dd-root-npm-node-opt-1-0-0-package /root/.npm/node-opt/1.0.0/package
52 silly lockFile 1ab442dd-root-npm-node-opt-1-0-0-package /root/.npm/node-opt/1.0.0/package
53 verbose tar unpack /root/.npm/node-opt/1.0.0/package.tgz
54 silly lockFile 193c2898--root-npm-node-opt-1-0-0-package tar:///root/.npm/node-opt/1.0.0/package
55 verbose lock tar:///root/.npm/node-opt/1.0.0/package /root/.npm/193c2898--root-npm-node-opt-1-0-0-package.lock
56 silly lockFile 80209af6-t-npm-node-opt-1-0-0-package-tgz tar:///root/.npm/node-opt/1.0.0/package.tgz
57 verbose lock tar:///root/.npm/node-opt/1.0.0/package.tgz /root/.npm/80209af6-t-npm-node-opt-1-0-0-package-tgz.lock
58 silly gunzTarPerm modes [ '755', '644' ]
59 silly gunzTarPerm extractEntry package.json
60 silly gunzTarPerm extractEntry README.md
61 silly gunzTarPerm extractEntry lib/index.js
62 silly gunzTarPerm extractEntry test/example.js
63 silly lockFile 193c2898--root-npm-node-opt-1-0-0-package tar:///root/.npm/node-opt/1.0.0/package
64 silly lockFile 193c2898--root-npm-node-opt-1-0-0-package tar:///root/.npm/node-opt/1.0.0/package
65 silly lockFile 80209af6-t-npm-node-opt-1-0-0-package-tgz tar:///root/.npm/node-opt/1.0.0/package.tgz
66 silly lockFile 80209af6-t-npm-node-opt-1-0-0-package-tgz tar:///root/.npm/node-opt/1.0.0/package.tgz
67 verbose chmod /root/.npm/node-opt/1.0.0/package.tgz 644
68 verbose chown /root/.npm/node-opt/1.0.0/package.tgz [ 0, 0 ]
69 silly lockFile 3a52ce78- .
70 silly lockFile 3a52ce78- .
71 silly publish { name: 'node-opt',
71 silly publish   version: '1.0.0',
71 silly publish   description: 'Very basic options',
71 silly publish   main: 'lib/index.js',
71 silly publish   directories: { doc: 'docs' },
71 silly publish   scripts: { test: 'echo "Error: no test specified" && exit 1' },
71 silly publish   homepage: 'https://github.com/darrenlooby/node-opt.git',
71 silly publish   bugs: { url: 'https://github.com/darrenlooby/node-opt/issues' },
71 silly publish   repository:
71 silly publish    { type: 'git',
71 silly publish      url: 'https://github.com/darrenlooby/node-opt.git' },
71 silly publish   engines: { node: '>=0.1.90' },
71 silly publish   keywords: [ 'Options', 'node' ],
71 silly publish   author: { name: 'Darren Looby' },
71 silly publish   license: 'Creative Commons Attribution',
71 silly publish   readme: 'node-opt\n========\n\nVery basic options for NodeJS\n\n# OptJS - is a very small options store for your NodeJS applicaiotn.\n\n## Installation\n\n    npm install opt\n\n## Bit more detail\n\nStores options as pairs in an object. It\'s not multidementional. It\'s flat!\nValues can be objects themselves - but, names are strings.\n\n## Usage\n\n``` js\n\nvar opt = require(\'./opt\');\n\nopt();\n// returns all params that are stored\n\nopt({obj});\n// stores a set of pairs (overwriting).\n//If JSON can be string and will break functionality (won\'t throw error however)\n\nopt(\'name\');\n// returns the value associated with that name\n\nopt(\'name\', \'value\');\n// sets a single option of \'name\' to \'value\'\n\n```\n',
71 silly publish   readmeFilename: 'README.md',
71 silly publish   _id: 'node-opt@1.0.0',
71 silly publish   dist: { shasum: '30b24125c5aa06e63473c697dceef009b8ba9374' },
71 silly publish   _from: '.' }
72 verbose url raw node-opt
73 verbose url resolving [ 'https://registry.npmjs.org/', './node-opt' ]
74 verbose url resolved https://registry.npmjs.org/node-opt
75 info trying registry request attempt 1 at 23:48:51
76 http PUT https://registry.npmjs.org/node-opt
77 http 409 https://registry.npmjs.org/node-opt
78 verbose url raw node-opt
79 verbose url resolving [ 'https://registry.npmjs.org/', './node-opt' ]
80 verbose url resolved https://registry.npmjs.org/node-opt
81 info trying registry request attempt 1 at 23:48:53
82 http GET https://registry.npmjs.org/node-opt
83 http 200 https://registry.npmjs.org/node-opt
84 error publish fail Cannot publish over existing version.
84 error publish fail Update the 'version' field in package.json and try again.
84 error publish fail
84 error publish fail If the previous version was published in error, see:
84 error publish fail     npm help unpublish
84 error publish fail
84 error publish fail To automatically increment version numbers, see:
84 error publish fail     npm help version
85 error System Linux 3.2.0-49-virtual
86 error command "/usr/bin/node" "/usr/bin/npm" "publish"
87 error cwd /root/node/options
88 error node -v v0.10.18
89 error npm -v 1.3.8
90 error code EPUBLISHCONFLICT
91 verbose exit [ 1, true ]
